<?xml version="1.0" encoding="UTF-8"?>
<testng-results ignored="0" total="1" passed="1" failed="0" skipped="0">
  <reporter-output>
  </reporter-output>
  <suite started-at="2022-03-13T10:48:09 IST" name="Default suite" finished-at="2022-03-13T10:48:26 IST" duration-ms="16972">
    <groups>
    </groups>
    <test started-at="2022-03-13T10:48:09 IST" name="Default test" finished-at="2022-03-13T10:48:26 IST" duration-ms="16972">
      <class name="testCases.LoginTest">
        <test-method is-config="true" signature="DataSetUp()[pri:0, instance:testCases.LoginTest@f5acb9d]" started-at="2022-03-13T10:48:09 IST" name="DataSetUp" finished-at="2022-03-13T10:48:11 IST" duration-ms="1421" status="PASS">
          <reporter-output>
          </reporter-output>
        </test-method> <!-- DataSetUp -->
        <test-method is-config="true" signature="SetUp()[pri:0, instance:testCases.LoginTest@f5acb9d]" started-at="2022-03-13T10:48:11 IST" name="SetUp" finished-at="2022-03-13T10:48:15 IST" duration-ms="4128" status="PASS">
          <reporter-output>
          </reporter-output>
        </test-method> <!-- SetUp -->
        <test-method signature="LoginFailiureTest()[pri:0, instance:testCases.LoginTest@f5acb9d]" started-at="2022-03-13T10:48:15 IST" name="LoginFailiureTest" finished-at="2022-03-13T10:48:26 IST" duration-ms="10868" status="PASS">
          <reporter-output>
          </reporter-output>
        </test-method> <!-- LoginFailiureTest -->
        <test-method is-config="true" signature="TearDown()[pri:0, instance:testCases.LoginTest@f5acb9d]" started-at="2022-03-13T10:48:26 IST" name="TearDown" finished-at="2022-03-13T10:48:26 IST" duration-ms="84" status="PASS">
          <reporter-output>
          </reporter-output>
        </test-method> <!-- TearDown -->
        <test-method is-config="true" signature="DataTearDown()[pri:0, instance:testCases.LoginTest@f5acb9d]" started-at="2022-03-13T10:48:26 IST" name="DataTearDown" finished-at="2022-03-13T10:48:26 IST" duration-ms="416" status="PASS">
          <reporter-output>
          </reporter-output>
        </test-method> <!-- DataTearDown -->
      </class> <!-- testCases.LoginTest -->
    </test> <!-- Default test -->
  </suite> <!-- Default suite -->
</testng-results>
